Reading xml/1998statistics.xml... done.
RESULT time=0.00 job=gzip9 file=xml/1998statistics.xml
RESULT time=0.00 job=gzip9 file=xml/1998statistics.xml
RESULT time=0.00 job=gzip9 file=xml/1998statistics.xml
RESULT time=0.00 job=gzip9 file=xml/1998statistics.xml
RESULT time=0.00 job=gzip9 file=xml/1998statistics.xml
RESULT time=0.00 job=gzip9 file=xml/1998statistics.xml
RESULT time=0.00 job=gzip9 file=xml/1998statistics.xml
RESULT time=0.00 job=gzip9 file=xml/1998statistics.xml
RESULT time=0.00 job=gzip9 file=xml/1998statistics.xml
RESULT time=0.00 job=gzip9 file=xml/1998statistics.xml
RESULT time=0.13 job=bzip2 file=xml/1998statistics.xml
RESULT time=0.12 job=bzip2 file=xml/1998statistics.xml
RESULT time=0.13 job=bzip2 file=xml/1998statistics.xml
RESULT time=0.13 job=bzip2 file=xml/1998statistics.xml
RESULT time=0.12 job=bzip2 file=xml/1998statistics.xml
RESULT time=0.13 job=bzip2 file=xml/1998statistics.xml
RESULT time=0.13 job=bzip2 file=xml/1998statistics.xml
RESULT time=0.13 job=bzip2 file=xml/1998statistics.xml
RESULT time=0.13 job=bzip2 file=xml/1998statistics.xml
RESULT time=0.13 job=bzip2 file=xml/1998statistics.xml
RESULT time=0.04 job=repair file=xml/1998statistics.xml
RESULT time=0.04 job=repair file=xml/1998statistics.xml
RESULT time=0.04 job=repair file=xml/1998statistics.xml
RESULT time=0.04 job=repair file=xml/1998statistics.xml
RESULT time=0.04 job=repair file=xml/1998statistics.xml
RESULT time=0.04 job=repair file=xml/1998statistics.xml
RESULT time=0.04 job=repair file=xml/1998statistics.xml
RESULT time=0.04 job=repair file=xml/1998statistics.xml
RESULT time=0.04 job=repair file=xml/1998statistics.xml
RESULT time=0.04 job=repair file=xml/1998statistics.xml
RESULT time=0.05 job=treerepair file=xml/1998statistics.xml
RESULT time=0.05 job=treerepair file=xml/1998statistics.xml
RESULT time=0.05 job=treerepair file=xml/1998statistics.xml
RESULT time=0.05 job=treerepair file=xml/1998statistics.xml
RESULT time=0.05 job=treerepair file=xml/1998statistics.xml
RESULT time=0.05 job=treerepair file=xml/1998statistics.xml
RESULT time=0.05 job=treerepair file=xml/1998statistics.xml
RESULT time=0.05 job=treerepair file=xml/1998statistics.xml
RESULT time=0.05 job=treerepair file=xml/1998statistics.xml
RESULT time=0.05 job=treerepair file=xml/1998statistics.xml

Reading xml/dblp.xml... done.
RESULT time=2.44 job=gzip9 file=xml/dblp.xml
RESULT time=2.51 job=gzip9 file=xml/dblp.xml
RESULT time=2.53 job=gzip9 file=xml/dblp.xml
RESULT time=2.53 job=gzip9 file=xml/dblp.xml
RESULT time=2.51 job=gzip9 file=xml/dblp.xml
RESULT time=2.47 job=gzip9 file=xml/dblp.xml
RESULT time=2.44 job=gzip9 file=xml/dblp.xml
RESULT time=2.44 job=gzip9 file=xml/dblp.xml
RESULT time=2.43 job=gzip9 file=xml/dblp.xml
RESULT time=2.42 job=gzip9 file=xml/dblp.xml
RESULT time=74.30 job=bzip2 file=xml/dblp.xml
RESULT time=75.98 job=bzip2 file=xml/dblp.xml
RESULT time=76.75 job=bzip2 file=xml/dblp.xml
RESULT time=74.00 job=bzip2 file=xml/dblp.xml
RESULT time=73.55 job=bzip2 file=xml/dblp.xml
RESULT time=73.75 job=bzip2 file=xml/dblp.xml
RESULT time=73.49 job=bzip2 file=xml/dblp.xml
RESULT time=75.46 job=bzip2 file=xml/dblp.xml
RESULT time=75.26 job=bzip2 file=xml/dblp.xml
RESULT time=75.24 job=bzip2 file=xml/dblp.xml
RESULT time=40.02 job=repair file=xml/dblp.xml
RESULT time=41.92 job=repair file=xml/dblp.xml
RESULT time=39.16 job=repair file=xml/dblp.xml
RESULT time=39.98 job=repair file=xml/dblp.xml
RESULT time=40.28 job=repair file=xml/dblp.xml
RESULT time=40.85 job=repair file=xml/dblp.xml
RESULT time=38.44 job=repair file=xml/dblp.xml
RESULT time=37.47 job=repair file=xml/dblp.xml
RESULT time=37.46 job=repair file=xml/dblp.xml
RESULT time=37.38 job=repair file=xml/dblp.xml
RESULT time=45.32 job=treerepair file=xml/dblp.xml
RESULT time=45.44 job=treerepair file=xml/dblp.xml
RESULT time=45.63 job=treerepair file=xml/dblp.xml
RESULT time=45.77 job=treerepair file=xml/dblp.xml
RESULT time=46.27 job=treerepair file=xml/dblp.xml
RESULT time=45.67 job=treerepair file=xml/dblp.xml
RESULT time=45.34 job=treerepair file=xml/dblp.xml
RESULT time=46.77 job=treerepair file=xml/dblp.xml
RESULT time=46.51 job=treerepair file=xml/dblp.xml
RESULT time=46.48 job=treerepair file=xml/dblp.xml

Reading xml/enwiki-latest-pages-articles12.xml... done.
RESULT time=1.29 job=gzip9 file=xml/enwiki-latest-pages-articles12.xml
RESULT time=1.28 job=gzip9 file=xml/enwiki-latest-pages-articles12.xml
RESULT time=1.28 job=gzip9 file=xml/enwiki-latest-pages-articles12.xml
RESULT time=1.28 job=gzip9 file=xml/enwiki-latest-pages-articles12.xml
RESULT time=1.29 job=gzip9 file=xml/enwiki-latest-pages-articles12.xml
RESULT time=1.29 job=gzip9 file=xml/enwiki-latest-pages-articles12.xml
RESULT time=1.29 job=gzip9 file=xml/enwiki-latest-pages-articles12.xml
RESULT time=1.29 job=gzip9 file=xml/enwiki-latest-pages-articles12.xml
RESULT time=1.29 job=gzip9 file=xml/enwiki-latest-pages-articles12.xml
RESULT time=1.29 job=gzip9 file=xml/enwiki-latest-pages-articles12.xml
RESULT time=48.76 job=bzip2 file=xml/enwiki-latest-pages-articles12.xml
RESULT time=48.67 job=bzip2 file=xml/enwiki-latest-pages-articles12.xml
RESULT time=48.83 job=bzip2 file=xml/enwiki-latest-pages-articles12.xml
RESULT time=49.20 job=bzip2 file=xml/enwiki-latest-pages-articles12.xml
RESULT time=48.92 job=bzip2 file=xml/enwiki-latest-pages-articles12.xml
RESULT time=49.20 job=bzip2 file=xml/enwiki-latest-pages-articles12.xml
RESULT time=49.04 job=bzip2 file=xml/enwiki-latest-pages-articles12.xml
RESULT time=49.58 job=bzip2 file=xml/enwiki-latest-pages-articles12.xml
RESULT time=49.26 job=bzip2 file=xml/enwiki-latest-pages-articles12.xml
RESULT time=49.21 job=bzip2 file=xml/enwiki-latest-pages-articles12.xml
RESULT time=28.37 job=repair file=xml/enwiki-latest-pages-articles12.xml
RESULT time=28.33 job=repair file=xml/enwiki-latest-pages-articles12.xml
RESULT time=28.29 job=repair file=xml/enwiki-latest-pages-articles12.xml
RESULT time=28.26 job=repair file=xml/enwiki-latest-pages-articles12.xml
RESULT time=28.33 job=repair file=xml/enwiki-latest-pages-articles12.xml
RESULT time=28.42 job=repair file=xml/enwiki-latest-pages-articles12.xml
RESULT time=28.28 job=repair file=xml/enwiki-latest-pages-articles12.xml
RESULT time=28.33 job=repair file=xml/enwiki-latest-pages-articles12.xml
RESULT time=28.27 job=repair file=xml/enwiki-latest-pages-articles12.xml
RESULT time=28.52 job=repair file=xml/enwiki-latest-pages-articles12.xml
RESULT time=33.03 job=treerepair file=xml/enwiki-latest-pages-articles12.xml
RESULT time=32.50 job=treerepair file=xml/enwiki-latest-pages-articles12.xml
RESULT time=33.15 job=treerepair file=xml/enwiki-latest-pages-articles12.xml
RESULT time=32.92 job=treerepair file=xml/enwiki-latest-pages-articles12.xml
RESULT time=33.47 job=treerepair file=xml/enwiki-latest-pages-articles12.xml
RESULT time=33.22 job=treerepair file=xml/enwiki-latest-pages-articles12.xml
RESULT time=32.92 job=treerepair file=xml/enwiki-latest-pages-articles12.xml
RESULT time=33.46 job=treerepair file=xml/enwiki-latest-pages-articles12.xml
RESULT time=32.76 job=treerepair file=xml/enwiki-latest-pages-articles12.xml
RESULT time=32.73 job=treerepair file=xml/enwiki-latest-pages-articles12.xml

Reading xml/factor12.xml... done.
RESULT time=4.54 job=gzip9 file=xml/factor12.xml
RESULT time=4.47 job=gzip9 file=xml/factor12.xml
RESULT time=4.49 job=gzip9 file=xml/factor12.xml
RESULT time=4.46 job=gzip9 file=xml/factor12.xml
RESULT time=4.48 job=gzip9 file=xml/factor12.xml
RESULT time=4.48 job=gzip9 file=xml/factor12.xml
RESULT time=4.47 job=gzip9 file=xml/factor12.xml
RESULT time=4.48 job=gzip9 file=xml/factor12.xml
RESULT time=4.48 job=gzip9 file=xml/factor12.xml
RESULT time=4.47 job=gzip9 file=xml/factor12.xml
RESULT time=82.30 job=bzip2 file=xml/factor12.xml
RESULT time=81.76 job=bzip2 file=xml/factor12.xml
RESULT time=81.87 job=bzip2 file=xml/factor12.xml
RESULT time=81.98 job=bzip2 file=xml/factor12.xml
RESULT time=81.69 job=bzip2 file=xml/factor12.xml
RESULT time=81.76 job=bzip2 file=xml/factor12.xml
RESULT time=81.88 job=bzip2 file=xml/factor12.xml
RESULT time=81.64 job=bzip2 file=xml/factor12.xml
RESULT time=82.09 job=bzip2 file=xml/factor12.xml
RESULT time=81.85 job=bzip2 file=xml/factor12.xml
RESULT time=54.26 job=repair file=xml/factor12.xml
RESULT time=54.46 job=repair file=xml/factor12.xml
RESULT time=53.98 job=repair file=xml/factor12.xml
RESULT time=54.17 job=repair file=xml/factor12.xml
RESULT time=54.24 job=repair file=xml/factor12.xml
RESULT time=54.20 job=repair file=xml/factor12.xml
RESULT time=54.10 job=repair file=xml/factor12.xml
RESULT time=54.38 job=repair file=xml/factor12.xml
RESULT time=54.14 job=repair file=xml/factor12.xml
RESULT time=53.96 job=repair file=xml/factor12.xml
RESULT time=108.35 job=treerepair file=xml/factor12.xml
RESULT time=106.82 job=treerepair file=xml/factor12.xml
RESULT time=107.38 job=treerepair file=xml/factor12.xml
RESULT time=107.84 job=treerepair file=xml/factor12.xml
RESULT time=108.58 job=treerepair file=xml/factor12.xml
RESULT time=110.95 job=treerepair file=xml/factor12.xml
RESULT time=110.37 job=treerepair file=xml/factor12.xml
RESULT time=112.04 job=treerepair file=xml/factor12.xml
RESULT time=111.97 job=treerepair file=xml/factor12.xml
RESULT time=111.62 job=treerepair file=xml/factor12.xml

Reading xml/factor2.xml... done.
RESULT time=0.75 job=gzip9 file=xml/factor2.xml
RESULT time=0.75 job=gzip9 file=xml/factor2.xml
RESULT time=0.74 job=gzip9 file=xml/factor2.xml
RESULT time=0.75 job=gzip9 file=xml/factor2.xml
RESULT time=0.74 job=gzip9 file=xml/factor2.xml
RESULT time=0.74 job=gzip9 file=xml/factor2.xml
RESULT time=0.74 job=gzip9 file=xml/factor2.xml
RESULT time=0.74 job=gzip9 file=xml/factor2.xml
RESULT time=0.74 job=gzip9 file=xml/factor2.xml
RESULT time=0.75 job=gzip9 file=xml/factor2.xml
RESULT time=13.98 job=bzip2 file=xml/factor2.xml
RESULT time=13.77 job=bzip2 file=xml/factor2.xml
RESULT time=14.72 job=bzip2 file=xml/factor2.xml
RESULT time=14.33 job=bzip2 file=xml/factor2.xml
RESULT time=13.85 job=bzip2 file=xml/factor2.xml
RESULT time=13.76 job=bzip2 file=xml/factor2.xml
RESULT time=13.72 job=bzip2 file=xml/factor2.xml
RESULT time=13.94 job=bzip2 file=xml/factor2.xml
RESULT time=14.23 job=bzip2 file=xml/factor2.xml
RESULT time=13.94 job=bzip2 file=xml/factor2.xml
RESULT time=8.73 job=repair file=xml/factor2.xml
RESULT time=8.59 job=repair file=xml/factor2.xml
RESULT time=8.65 job=repair file=xml/factor2.xml
RESULT time=9.11 job=repair file=xml/factor2.xml
RESULT time=8.80 job=repair file=xml/factor2.xml
RESULT time=8.57 job=repair file=xml/factor2.xml
RESULT time=8.57 job=repair file=xml/factor2.xml
RESULT time=8.57 job=repair file=xml/factor2.xml
RESULT time=8.57 job=repair file=xml/factor2.xml
RESULT time=8.56 job=repair file=xml/factor2.xml
RESULT time=18.33 job=treerepair file=xml/factor2.xml
RESULT time=18.62 job=treerepair file=xml/factor2.xml
RESULT time=19.23 job=treerepair file=xml/factor2.xml
RESULT time=19.00 job=treerepair file=xml/factor2.xml
RESULT time=18.58 job=treerepair file=xml/factor2.xml
RESULT time=18.18 job=treerepair file=xml/factor2.xml
RESULT time=18.62 job=treerepair file=xml/factor2.xml
RESULT time=18.69 job=treerepair file=xml/factor2.xml
RESULT time=18.35 job=treerepair file=xml/factor2.xml
RESULT time=18.72 job=treerepair file=xml/factor2.xml

Reading xml/factor4.8.xml... done.
RESULT time=1.88 job=gzip9 file=xml/factor4.8.xml
RESULT time=1.81 job=gzip9 file=xml/factor4.8.xml
RESULT time=1.79 job=gzip9 file=xml/factor4.8.xml
RESULT time=1.80 job=gzip9 file=xml/factor4.8.xml
RESULT time=1.79 job=gzip9 file=xml/factor4.8.xml
RESULT time=1.80 job=gzip9 file=xml/factor4.8.xml
RESULT time=1.79 job=gzip9 file=xml/factor4.8.xml
RESULT time=1.79 job=gzip9 file=xml/factor4.8.xml
RESULT time=1.79 job=gzip9 file=xml/factor4.8.xml
RESULT time=1.79 job=gzip9 file=xml/factor4.8.xml
RESULT time=33.11 job=bzip2 file=xml/factor4.8.xml
RESULT time=33.35 job=bzip2 file=xml/factor4.8.xml
RESULT time=33.16 job=bzip2 file=xml/factor4.8.xml
RESULT time=33.05 job=bzip2 file=xml/factor4.8.xml
RESULT time=32.99 job=bzip2 file=xml/factor4.8.xml
RESULT time=32.95 job=bzip2 file=xml/factor4.8.xml
RESULT time=33.51 job=bzip2 file=xml/factor4.8.xml
RESULT time=32.97 job=bzip2 file=xml/factor4.8.xml
RESULT time=33.07 job=bzip2 file=xml/factor4.8.xml
RESULT time=34.40 job=bzip2 file=xml/factor4.8.xml
RESULT time=21.30 job=repair file=xml/factor4.8.xml
RESULT time=21.32 job=repair file=xml/factor4.8.xml
RESULT time=21.66 job=repair file=xml/factor4.8.xml
RESULT time=21.49 job=repair file=xml/factor4.8.xml
RESULT time=21.42 job=repair file=xml/factor4.8.xml
RESULT time=21.73 job=repair file=xml/factor4.8.xml
RESULT time=21.57 job=repair file=xml/factor4.8.xml
RESULT time=22.64 job=repair file=xml/factor4.8.xml
RESULT time=22.10 job=repair file=xml/factor4.8.xml
RESULT time=21.80 job=repair file=xml/factor4.8.xml
RESULT time=46.18 job=treerepair file=xml/factor4.8.xml
RESULT time=46.18 job=treerepair file=xml/factor4.8.xml
RESULT time=46.27 job=treerepair file=xml/factor4.8.xml
RESULT time=46.25 job=treerepair file=xml/factor4.8.xml
RESULT time=46.10 job=treerepair file=xml/factor4.8.xml
RESULT time=45.66 job=treerepair file=xml/factor4.8.xml
RESULT time=46.43 job=treerepair file=xml/factor4.8.xml
RESULT time=46.52 job=treerepair file=xml/factor4.8.xml
RESULT time=47.00 job=treerepair file=xml/factor4.8.xml
RESULT time=46.03 job=treerepair file=xml/factor4.8.xml

Reading xml/factor4.xml... done.
RESULT time=1.51 job=gzip9 file=xml/factor4.xml
RESULT time=1.48 job=gzip9 file=xml/factor4.xml
RESULT time=1.51 job=gzip9 file=xml/factor4.xml
RESULT time=1.49 job=gzip9 file=xml/factor4.xml
RESULT time=1.49 job=gzip9 file=xml/factor4.xml
RESULT time=1.49 job=gzip9 file=xml/factor4.xml
RESULT time=1.49 job=gzip9 file=xml/factor4.xml
RESULT time=1.50 job=gzip9 file=xml/factor4.xml
RESULT time=1.49 job=gzip9 file=xml/factor4.xml
RESULT time=1.48 job=gzip9 file=xml/factor4.xml
RESULT time=27.83 job=bzip2 file=xml/factor4.xml
RESULT time=28.58 job=bzip2 file=xml/factor4.xml
RESULT time=28.14 job=bzip2 file=xml/factor4.xml
RESULT time=27.70 job=bzip2 file=xml/factor4.xml
RESULT time=28.79 job=bzip2 file=xml/factor4.xml
RESULT time=28.06 job=bzip2 file=xml/factor4.xml
RESULT time=28.21 job=bzip2 file=xml/factor4.xml
RESULT time=28.70 job=bzip2 file=xml/factor4.xml
RESULT time=29.41 job=bzip2 file=xml/factor4.xml
RESULT time=28.22 job=bzip2 file=xml/factor4.xml
RESULT time=18.15 job=repair file=xml/factor4.xml
RESULT time=17.57 job=repair file=xml/factor4.xml
RESULT time=17.74 job=repair file=xml/factor4.xml
RESULT time=17.74 job=repair file=xml/factor4.xml
RESULT time=17.75 job=repair file=xml/factor4.xml
RESULT time=17.79 job=repair file=xml/factor4.xml
RESULT time=17.73 job=repair file=xml/factor4.xml
RESULT time=18.32 job=repair file=xml/factor4.xml
RESULT time=17.57 job=repair file=xml/factor4.xml
RESULT time=17.78 job=repair file=xml/factor4.xml
RESULT time=39.35 job=treerepair file=xml/factor4.xml
RESULT time=40.48 job=treerepair file=xml/factor4.xml
RESULT time=40.38 job=treerepair file=xml/factor4.xml
RESULT time=39.61 job=treerepair file=xml/factor4.xml
RESULT time=39.73 job=treerepair file=xml/factor4.xml
RESULT time=38.76 job=treerepair file=xml/factor4.xml
RESULT time=39.58 job=treerepair file=xml/factor4.xml
RESULT time=38.85 job=treerepair file=xml/factor4.xml
RESULT time=38.41 job=treerepair file=xml/factor4.xml
RESULT time=38.41 job=treerepair file=xml/factor4.xml

Reading xml/factor7.xml... done.
RESULT time=2.61 job=gzip9 file=xml/factor7.xml
RESULT time=2.61 job=gzip9 file=xml/factor7.xml
RESULT time=2.61 job=gzip9 file=xml/factor7.xml
RESULT time=2.61 job=gzip9 file=xml/factor7.xml
RESULT time=2.72 job=gzip9 file=xml/factor7.xml
RESULT time=2.60 job=gzip9 file=xml/factor7.xml
RESULT time=2.60 job=gzip9 file=xml/factor7.xml
RESULT time=2.61 job=gzip9 file=xml/factor7.xml
RESULT time=2.61 job=gzip9 file=xml/factor7.xml
RESULT time=2.60 job=gzip9 file=xml/factor7.xml
RESULT time=47.95 job=bzip2 file=xml/factor7.xml
RESULT time=48.60 job=bzip2 file=xml/factor7.xml
RESULT time=47.96 job=bzip2 file=xml/factor7.xml
RESULT time=48.62 job=bzip2 file=xml/factor7.xml
RESULT time=48.54 job=bzip2 file=xml/factor7.xml
RESULT time=48.50 job=bzip2 file=xml/factor7.xml
RESULT time=49.30 job=bzip2 file=xml/factor7.xml
RESULT time=48.60 job=bzip2 file=xml/factor7.xml
RESULT time=48.93 job=bzip2 file=xml/factor7.xml
RESULT time=49.38 job=bzip2 file=xml/factor7.xml
RESULT time=31.69 job=repair file=xml/factor7.xml
RESULT time=31.55 job=repair file=xml/factor7.xml
RESULT time=31.55 job=repair file=xml/factor7.xml
RESULT time=31.63 job=repair file=xml/factor7.xml
RESULT time=31.49 job=repair file=xml/factor7.xml
RESULT time=31.80 job=repair file=xml/factor7.xml
RESULT time=31.51 job=repair file=xml/factor7.xml
RESULT time=31.29 job=repair file=xml/factor7.xml
RESULT time=31.54 job=repair file=xml/factor7.xml
RESULT time=31.53 job=repair file=xml/factor7.xml
RESULT time=67.78 job=treerepair file=xml/factor7.xml
RESULT time=67.88 job=treerepair file=xml/factor7.xml
RESULT time=69.90 job=treerepair file=xml/factor7.xml
RESULT time=67.29 job=treerepair file=xml/factor7.xml
RESULT time=68.16 job=treerepair file=xml/factor7.xml
RESULT time=67.91 job=treerepair file=xml/factor7.xml
RESULT time=67.47 job=treerepair file=xml/factor7.xml
RESULT time=66.95 job=treerepair file=xml/factor7.xml
RESULT time=68.16 job=treerepair file=xml/factor7.xml
RESULT time=67.66 job=treerepair file=xml/factor7.xml

Reading xml/JST_gene.chr1.xml... done.
RESULT time=0.03 job=gzip9 file=xml/JST_gene.chr1.xml
RESULT time=0.03 job=gzip9 file=xml/JST_gene.chr1.xml
RESULT time=0.03 job=gzip9 file=xml/JST_gene.chr1.xml
RESULT time=0.03 job=gzip9 file=xml/JST_gene.chr1.xml
RESULT time=0.03 job=gzip9 file=xml/JST_gene.chr1.xml
RESULT time=0.03 job=gzip9 file=xml/JST_gene.chr1.xml
RESULT time=0.03 job=gzip9 file=xml/JST_gene.chr1.xml
RESULT time=0.03 job=gzip9 file=xml/JST_gene.chr1.xml
RESULT time=0.03 job=gzip9 file=xml/JST_gene.chr1.xml
RESULT time=0.03 job=gzip9 file=xml/JST_gene.chr1.xml
RESULT time=1.27 job=bzip2 file=xml/JST_gene.chr1.xml
RESULT time=1.27 job=bzip2 file=xml/JST_gene.chr1.xml
RESULT time=1.27 job=bzip2 file=xml/JST_gene.chr1.xml
RESULT time=1.27 job=bzip2 file=xml/JST_gene.chr1.xml
RESULT time=1.27 job=bzip2 file=xml/JST_gene.chr1.xml
RESULT time=1.27 job=bzip2 file=xml/JST_gene.chr1.xml
RESULT time=1.27 job=bzip2 file=xml/JST_gene.chr1.xml
RESULT time=1.26 job=bzip2 file=xml/JST_gene.chr1.xml
RESULT time=1.26 job=bzip2 file=xml/JST_gene.chr1.xml
RESULT time=1.26 job=bzip2 file=xml/JST_gene.chr1.xml
RESULT time=0.56 job=repair file=xml/JST_gene.chr1.xml
RESULT time=0.54 job=repair file=xml/JST_gene.chr1.xml
RESULT time=0.54 job=repair file=xml/JST_gene.chr1.xml
RESULT time=0.54 job=repair file=xml/JST_gene.chr1.xml
RESULT time=0.55 job=repair file=xml/JST_gene.chr1.xml
RESULT time=0.54 job=repair file=xml/JST_gene.chr1.xml
RESULT time=0.54 job=repair file=xml/JST_gene.chr1.xml
RESULT time=0.54 job=repair file=xml/JST_gene.chr1.xml
RESULT time=0.54 job=repair file=xml/JST_gene.chr1.xml
RESULT time=0.55 job=repair file=xml/JST_gene.chr1.xml
RESULT time=0.38 job=treerepair file=xml/JST_gene.chr1.xml
RESULT time=0.38 job=treerepair file=xml/JST_gene.chr1.xml
RESULT time=0.38 job=treerepair file=xml/JST_gene.chr1.xml
RESULT time=0.38 job=treerepair file=xml/JST_gene.chr1.xml
RESULT time=0.38 job=treerepair file=xml/JST_gene.chr1.xml
RESULT time=0.38 job=treerepair file=xml/JST_gene.chr1.xml
RESULT time=0.37 job=treerepair file=xml/JST_gene.chr1.xml
RESULT time=0.38 job=treerepair file=xml/JST_gene.chr1.xml
RESULT time=0.38 job=treerepair file=xml/JST_gene.chr1.xml
RESULT time=0.38 job=treerepair file=xml/JST_gene.chr1.xml

Reading xml/JST_snp.chr1.xml... done.
RESULT time=0.17 job=gzip9 file=xml/JST_snp.chr1.xml
RESULT time=0.17 job=gzip9 file=xml/JST_snp.chr1.xml
RESULT time=0.17 job=gzip9 file=xml/JST_snp.chr1.xml
RESULT time=0.17 job=gzip9 file=xml/JST_snp.chr1.xml
RESULT time=0.17 job=gzip9 file=xml/JST_snp.chr1.xml
RESULT time=0.17 job=gzip9 file=xml/JST_snp.chr1.xml
RESULT time=0.17 job=gzip9 file=xml/JST_snp.chr1.xml
RESULT time=0.17 job=gzip9 file=xml/JST_snp.chr1.xml
RESULT time=0.17 job=gzip9 file=xml/JST_snp.chr1.xml
RESULT time=0.17 job=gzip9 file=xml/JST_snp.chr1.xml
RESULT time=6.31 job=bzip2 file=xml/JST_snp.chr1.xml
RESULT time=6.33 job=bzip2 file=xml/JST_snp.chr1.xml
RESULT time=6.33 job=bzip2 file=xml/JST_snp.chr1.xml
RESULT time=6.33 job=bzip2 file=xml/JST_snp.chr1.xml
RESULT time=6.32 job=bzip2 file=xml/JST_snp.chr1.xml
RESULT time=6.43 job=bzip2 file=xml/JST_snp.chr1.xml
RESULT time=6.63 job=bzip2 file=xml/JST_snp.chr1.xml
RESULT time=6.57 job=bzip2 file=xml/JST_snp.chr1.xml
RESULT time=6.47 job=bzip2 file=xml/JST_snp.chr1.xml
RESULT time=6.30 job=bzip2 file=xml/JST_snp.chr1.xml
RESULT time=3.39 job=repair file=xml/JST_snp.chr1.xml
RESULT time=3.42 job=repair file=xml/JST_snp.chr1.xml
RESULT time=3.37 job=repair file=xml/JST_snp.chr1.xml
RESULT time=3.41 job=repair file=xml/JST_snp.chr1.xml
RESULT time=3.40 job=repair file=xml/JST_snp.chr1.xml
RESULT time=3.54 job=repair file=xml/JST_snp.chr1.xml
RESULT time=3.40 job=repair file=xml/JST_snp.chr1.xml
RESULT time=3.44 job=repair file=xml/JST_snp.chr1.xml
RESULT time=3.39 job=repair file=xml/JST_snp.chr1.xml
RESULT time=3.40 job=repair file=xml/JST_snp.chr1.xml
RESULT time=2.12 job=treerepair file=xml/JST_snp.chr1.xml
RESULT time=2.14 job=treerepair file=xml/JST_snp.chr1.xml
RESULT time=2.12 job=treerepair file=xml/JST_snp.chr1.xml
RESULT time=2.11 job=treerepair file=xml/JST_snp.chr1.xml
RESULT time=2.14 job=treerepair file=xml/JST_snp.chr1.xml
RESULT time=2.12 job=treerepair file=xml/JST_snp.chr1.xml
RESULT time=2.11 job=treerepair file=xml/JST_snp.chr1.xml
RESULT time=2.13 job=treerepair file=xml/JST_snp.chr1.xml
RESULT time=2.13 job=treerepair file=xml/JST_snp.chr1.xml
RESULT time=2.12 job=treerepair file=xml/JST_snp.chr1.xml

Reading xml/nasa.xml... done.
RESULT time=0.06 job=gzip9 file=xml/nasa.xml
RESULT time=0.06 job=gzip9 file=xml/nasa.xml
RESULT time=0.06 job=gzip9 file=xml/nasa.xml
RESULT time=0.06 job=gzip9 file=xml/nasa.xml
RESULT time=0.06 job=gzip9 file=xml/nasa.xml
RESULT time=0.06 job=gzip9 file=xml/nasa.xml
RESULT time=0.06 job=gzip9 file=xml/nasa.xml
RESULT time=0.06 job=gzip9 file=xml/nasa.xml
RESULT time=0.06 job=gzip9 file=xml/nasa.xml
RESULT time=0.06 job=gzip9 file=xml/nasa.xml
RESULT time=1.85 job=bzip2 file=xml/nasa.xml
RESULT time=1.85 job=bzip2 file=xml/nasa.xml
RESULT time=1.84 job=bzip2 file=xml/nasa.xml
RESULT time=1.84 job=bzip2 file=xml/nasa.xml
RESULT time=1.86 job=bzip2 file=xml/nasa.xml
RESULT time=1.96 job=bzip2 file=xml/nasa.xml
RESULT time=1.91 job=bzip2 file=xml/nasa.xml
RESULT time=1.86 job=bzip2 file=xml/nasa.xml
RESULT time=1.88 job=bzip2 file=xml/nasa.xml
RESULT time=1.98 job=bzip2 file=xml/nasa.xml
RESULT time=0.85 job=repair file=xml/nasa.xml
RESULT time=0.88 job=repair file=xml/nasa.xml
RESULT time=0.85 job=repair file=xml/nasa.xml
RESULT time=0.85 job=repair file=xml/nasa.xml
RESULT time=0.85 job=repair file=xml/nasa.xml
RESULT time=0.85 job=repair file=xml/nasa.xml
RESULT time=0.85 job=repair file=xml/nasa.xml
RESULT time=0.85 job=repair file=xml/nasa.xml
RESULT time=0.85 job=repair file=xml/nasa.xml
RESULT time=0.85 job=repair file=xml/nasa.xml
RESULT time=0.94 job=treerepair file=xml/nasa.xml
RESULT time=0.93 job=treerepair file=xml/nasa.xml
RESULT time=0.95 job=treerepair file=xml/nasa.xml
RESULT time=0.94 job=treerepair file=xml/nasa.xml
RESULT time=0.96 job=treerepair file=xml/nasa.xml
RESULT time=0.95 job=treerepair file=xml/nasa.xml
RESULT time=0.95 job=treerepair file=xml/nasa.xml
RESULT time=0.94 job=treerepair file=xml/nasa.xml
RESULT time=0.93 job=treerepair file=xml/nasa.xml
RESULT time=0.94 job=treerepair file=xml/nasa.xml

Reading xml/NCBI_gene.chr1.xml... done.
RESULT time=0.20 job=gzip9 file=xml/NCBI_gene.chr1.xml
RESULT time=0.20 job=gzip9 file=xml/NCBI_gene.chr1.xml
RESULT time=0.20 job=gzip9 file=xml/NCBI_gene.chr1.xml
RESULT time=0.20 job=gzip9 file=xml/NCBI_gene.chr1.xml
RESULT time=0.20 job=gzip9 file=xml/NCBI_gene.chr1.xml
RESULT time=0.20 job=gzip9 file=xml/NCBI_gene.chr1.xml
RESULT time=0.20 job=gzip9 file=xml/NCBI_gene.chr1.xml
RESULT time=0.20 job=gzip9 file=xml/NCBI_gene.chr1.xml
RESULT time=0.20 job=gzip9 file=xml/NCBI_gene.chr1.xml
RESULT time=0.20 job=gzip9 file=xml/NCBI_gene.chr1.xml
RESULT time=7.94 job=bzip2 file=xml/NCBI_gene.chr1.xml
RESULT time=8.18 job=bzip2 file=xml/NCBI_gene.chr1.xml
RESULT time=7.90 job=bzip2 file=xml/NCBI_gene.chr1.xml
RESULT time=8.04 job=bzip2 file=xml/NCBI_gene.chr1.xml
RESULT time=8.04 job=bzip2 file=xml/NCBI_gene.chr1.xml
RESULT time=7.98 job=bzip2 file=xml/NCBI_gene.chr1.xml
RESULT time=8.02 job=bzip2 file=xml/NCBI_gene.chr1.xml
RESULT time=7.97 job=bzip2 file=xml/NCBI_gene.chr1.xml
RESULT time=7.94 job=bzip2 file=xml/NCBI_gene.chr1.xml
RESULT time=7.96 job=bzip2 file=xml/NCBI_gene.chr1.xml
RESULT time=3.32 job=repair file=xml/NCBI_gene.chr1.xml
RESULT time=3.34 job=repair file=xml/NCBI_gene.chr1.xml
RESULT time=3.34 job=repair file=xml/NCBI_gene.chr1.xml
RESULT time=3.32 job=repair file=xml/NCBI_gene.chr1.xml
RESULT time=3.33 job=repair file=xml/NCBI_gene.chr1.xml
RESULT time=3.34 job=repair file=xml/NCBI_gene.chr1.xml
RESULT time=3.34 job=repair file=xml/NCBI_gene.chr1.xml
RESULT time=3.34 job=repair file=xml/NCBI_gene.chr1.xml
RESULT time=3.31 job=repair file=xml/NCBI_gene.chr1.xml
RESULT time=3.33 job=repair file=xml/NCBI_gene.chr1.xml
RESULT time=2.24 job=treerepair file=xml/NCBI_gene.chr1.xml
RESULT time=2.24 job=treerepair file=xml/NCBI_gene.chr1.xml
RESULT time=2.25 job=treerepair file=xml/NCBI_gene.chr1.xml
RESULT time=2.51 job=treerepair file=xml/NCBI_gene.chr1.xml
RESULT time=2.26 job=treerepair file=xml/NCBI_gene.chr1.xml
RESULT time=2.24 job=treerepair file=xml/NCBI_gene.chr1.xml
RESULT time=2.26 job=treerepair file=xml/NCBI_gene.chr1.xml
RESULT time=2.26 job=treerepair file=xml/NCBI_gene.chr1.xml
RESULT time=2.27 job=treerepair file=xml/NCBI_gene.chr1.xml
RESULT time=2.25 job=treerepair file=xml/NCBI_gene.chr1.xml

Reading xml/proteins.xml... done.
RESULT time=2.42 job=gzip9 file=xml/proteins.xml
RESULT time=2.40 job=gzip9 file=xml/proteins.xml
RESULT time=2.41 job=gzip9 file=xml/proteins.xml
RESULT time=2.41 job=gzip9 file=xml/proteins.xml
RESULT time=2.40 job=gzip9 file=xml/proteins.xml
RESULT time=2.41 job=gzip9 file=xml/proteins.xml
RESULT time=2.44 job=gzip9 file=xml/proteins.xml
RESULT time=2.42 job=gzip9 file=xml/proteins.xml
RESULT time=2.41 job=gzip9 file=xml/proteins.xml
RESULT time=2.43 job=gzip9 file=xml/proteins.xml
RESULT time=82.14 job=bzip2 file=xml/proteins.xml
RESULT time=80.94 job=bzip2 file=xml/proteins.xml
RESULT time=81.87 job=bzip2 file=xml/proteins.xml
RESULT time=81.52 job=bzip2 file=xml/proteins.xml
RESULT time=82.72 job=bzip2 file=xml/proteins.xml
RESULT time=81.63 job=bzip2 file=xml/proteins.xml
RESULT time=82.47 job=bzip2 file=xml/proteins.xml
RESULT time=82.68 job=bzip2 file=xml/proteins.xml
RESULT time=81.97 job=bzip2 file=xml/proteins.xml
RESULT time=81.85 job=bzip2 file=xml/proteins.xml
RESULT time=53.64 job=repair file=xml/proteins.xml
RESULT time=52.79 job=repair file=xml/proteins.xml
RESULT time=53.12 job=repair file=xml/proteins.xml
RESULT time=53.20 job=repair file=xml/proteins.xml
RESULT time=53.23 job=repair file=xml/proteins.xml
RESULT time=53.14 job=repair file=xml/proteins.xml
RESULT time=53.86 job=repair file=xml/proteins.xml
RESULT time=53.60 job=repair file=xml/proteins.xml
RESULT time=53.97 job=repair file=xml/proteins.xml
RESULT time=53.30 job=repair file=xml/proteins.xml
RESULT time=49.18 job=treerepair file=xml/proteins.xml
RESULT time=49.46 job=treerepair file=xml/proteins.xml
RESULT time=49.28 job=treerepair file=xml/proteins.xml
RESULT time=49.49 job=treerepair file=xml/proteins.xml
RESULT time=50.09 job=treerepair file=xml/proteins.xml
RESULT time=50.89 job=treerepair file=xml/proteins.xml
RESULT time=50.33 job=treerepair file=xml/proteins.xml
RESULT time=50.26 job=treerepair file=xml/proteins.xml
RESULT time=51.15 job=treerepair file=xml/proteins.xml
RESULT time=50.77 job=treerepair file=xml/proteins.xml

Reading xml/SwissProt.xml... done.
RESULT time=0.50 job=gzip9 file=xml/SwissProt.xml
RESULT time=0.50 job=gzip9 file=xml/SwissProt.xml
RESULT time=0.50 job=gzip9 file=xml/SwissProt.xml
RESULT time=0.50 job=gzip9 file=xml/SwissProt.xml
RESULT time=0.50 job=gzip9 file=xml/SwissProt.xml
RESULT time=0.50 job=gzip9 file=xml/SwissProt.xml
RESULT time=0.50 job=gzip9 file=xml/SwissProt.xml
RESULT time=0.50 job=gzip9 file=xml/SwissProt.xml
RESULT time=0.50 job=gzip9 file=xml/SwissProt.xml
RESULT time=0.50 job=gzip9 file=xml/SwissProt.xml
RESULT time=11.13 job=bzip2 file=xml/SwissProt.xml
RESULT time=11.18 job=bzip2 file=xml/SwissProt.xml
RESULT time=11.16 job=bzip2 file=xml/SwissProt.xml
RESULT time=11.16 job=bzip2 file=xml/SwissProt.xml
RESULT time=11.15 job=bzip2 file=xml/SwissProt.xml
RESULT time=11.11 job=bzip2 file=xml/SwissProt.xml
RESULT time=11.15 job=bzip2 file=xml/SwissProt.xml
RESULT time=11.21 job=bzip2 file=xml/SwissProt.xml
RESULT time=11.10 job=bzip2 file=xml/SwissProt.xml
RESULT time=11.16 job=bzip2 file=xml/SwissProt.xml
RESULT time=5.76 job=repair file=xml/SwissProt.xml
RESULT time=5.75 job=repair file=xml/SwissProt.xml
RESULT time=5.73 job=repair file=xml/SwissProt.xml
RESULT time=5.73 job=repair file=xml/SwissProt.xml
RESULT time=5.74 job=repair file=xml/SwissProt.xml
RESULT time=5.73 job=repair file=xml/SwissProt.xml
RESULT time=5.76 job=repair file=xml/SwissProt.xml
RESULT time=5.73 job=repair file=xml/SwissProt.xml
RESULT time=5.73 job=repair file=xml/SwissProt.xml
RESULT time=5.74 job=repair file=xml/SwissProt.xml
RESULT time=12.28 job=treerepair file=xml/SwissProt.xml
RESULT time=12.33 job=treerepair file=xml/SwissProt.xml
RESULT time=12.35 job=treerepair file=xml/SwissProt.xml
RESULT time=12.35 job=treerepair file=xml/SwissProt.xml
RESULT time=12.30 job=treerepair file=xml/SwissProt.xml
RESULT time=12.64 job=treerepair file=xml/SwissProt.xml
RESULT time=12.39 job=treerepair file=xml/SwissProt.xml
RESULT time=12.38 job=treerepair file=xml/SwissProt.xml
RESULT time=12.32 job=treerepair file=xml/SwissProt.xml
RESULT time=12.45 job=treerepair file=xml/SwissProt.xml

Reading xml/treebank_e.xml... done.
RESULT time=2.81 job=gzip9 file=xml/treebank_e.xml
RESULT time=2.80 job=gzip9 file=xml/treebank_e.xml
RESULT time=2.80 job=gzip9 file=xml/treebank_e.xml
RESULT time=2.80 job=gzip9 file=xml/treebank_e.xml
RESULT time=2.81 job=gzip9 file=xml/treebank_e.xml
RESULT time=2.80 job=gzip9 file=xml/treebank_e.xml
RESULT time=2.80 job=gzip9 file=xml/treebank_e.xml
RESULT time=2.82 job=gzip9 file=xml/treebank_e.xml
RESULT time=2.79 job=gzip9 file=xml/treebank_e.xml
RESULT time=2.80 job=gzip9 file=xml/treebank_e.xml
RESULT time=3.63 job=bzip2 file=xml/treebank_e.xml
RESULT time=3.62 job=bzip2 file=xml/treebank_e.xml
RESULT time=3.62 job=bzip2 file=xml/treebank_e.xml
RESULT time=3.63 job=bzip2 file=xml/treebank_e.xml
RESULT time=3.62 job=bzip2 file=xml/treebank_e.xml
RESULT time=3.61 job=bzip2 file=xml/treebank_e.xml
RESULT time=3.60 job=bzip2 file=xml/treebank_e.xml
RESULT time=3.63 job=bzip2 file=xml/treebank_e.xml
RESULT time=3.63 job=bzip2 file=xml/treebank_e.xml
RESULT time=3.62 job=bzip2 file=xml/treebank_e.xml
RESULT time=4.00 job=repair file=xml/treebank_e.xml
RESULT time=3.98 job=repair file=xml/treebank_e.xml
RESULT time=3.99 job=repair file=xml/treebank_e.xml
RESULT time=3.97 job=repair file=xml/treebank_e.xml
RESULT time=4.00 job=repair file=xml/treebank_e.xml
RESULT time=4.00 job=repair file=xml/treebank_e.xml
RESULT time=3.98 job=repair file=xml/treebank_e.xml
RESULT time=4.03 job=repair file=xml/treebank_e.xml
RESULT time=3.99 job=repair file=xml/treebank_e.xml
RESULT time=4.15 job=repair file=xml/treebank_e.xml
RESULT time=12.64 job=treerepair file=xml/treebank_e.xml
RESULT time=12.67 job=treerepair file=xml/treebank_e.xml
RESULT time=12.70 job=treerepair file=xml/treebank_e.xml
RESULT time=12.69 job=treerepair file=xml/treebank_e.xml
RESULT time=12.67 job=treerepair file=xml/treebank_e.xml
RESULT time=12.70 job=treerepair file=xml/treebank_e.xml
RESULT time=12.74 job=treerepair file=xml/treebank_e.xml
RESULT time=12.89 job=treerepair file=xml/treebank_e.xml
RESULT time=12.62 job=treerepair file=xml/treebank_e.xml
RESULT time=12.74 job=treerepair file=xml/treebank_e.xml

Reading xml/uwm.xml... done.
RESULT time=0.00 job=gzip9 file=xml/uwm.xml
RESULT time=0.00 job=gzip9 file=xml/uwm.xml
RESULT time=0.00 job=gzip9 file=xml/uwm.xml
RESULT time=0.00 job=gzip9 file=xml/uwm.xml
RESULT time=0.00 job=gzip9 file=xml/uwm.xml
RESULT time=0.00 job=gzip9 file=xml/uwm.xml
RESULT time=0.00 job=gzip9 file=xml/uwm.xml
RESULT time=0.00 job=gzip9 file=xml/uwm.xml
RESULT time=0.00 job=gzip9 file=xml/uwm.xml
RESULT time=0.00 job=gzip9 file=xml/uwm.xml
RESULT time=0.28 job=bzip2 file=xml/uwm.xml
RESULT time=0.28 job=bzip2 file=xml/uwm.xml
RESULT time=0.28 job=bzip2 file=xml/uwm.xml
RESULT time=0.28 job=bzip2 file=xml/uwm.xml
RESULT time=0.28 job=bzip2 file=xml/uwm.xml
RESULT time=0.28 job=bzip2 file=xml/uwm.xml
RESULT time=0.28 job=bzip2 file=xml/uwm.xml
RESULT time=0.28 job=bzip2 file=xml/uwm.xml
RESULT time=0.28 job=bzip2 file=xml/uwm.xml
RESULT time=0.28 job=bzip2 file=xml/uwm.xml
RESULT time=0.10 job=repair file=xml/uwm.xml
RESULT time=0.09 job=repair file=xml/uwm.xml
RESULT time=0.09 job=repair file=xml/uwm.xml
RESULT time=0.09 job=repair file=xml/uwm.xml
RESULT time=0.10 job=repair file=xml/uwm.xml
RESULT time=0.09 job=repair file=xml/uwm.xml
RESULT time=0.10 job=repair file=xml/uwm.xml
RESULT time=0.09 job=repair file=xml/uwm.xml
RESULT time=0.09 job=repair file=xml/uwm.xml
RESULT time=0.09 job=repair file=xml/uwm.xml
RESULT time=0.11 job=treerepair file=xml/uwm.xml
RESULT time=0.12 job=treerepair file=xml/uwm.xml
RESULT time=0.11 job=treerepair file=xml/uwm.xml
RESULT time=0.11 job=treerepair file=xml/uwm.xml
RESULT time=0.11 job=treerepair file=xml/uwm.xml
RESULT time=0.12 job=treerepair file=xml/uwm.xml
RESULT time=0.12 job=treerepair file=xml/uwm.xml
RESULT time=0.12 job=treerepair file=xml/uwm.xml
RESULT time=0.11 job=treerepair file=xml/uwm.xml
RESULT time=0.11 job=treerepair file=xml/uwm.xml

Reading xml/wiki.xml... done.
RESULT time=0.22 job=gzip9 file=xml/wiki.xml
RESULT time=0.22 job=gzip9 file=xml/wiki.xml
RESULT time=0.22 job=gzip9 file=xml/wiki.xml
RESULT time=0.22 job=gzip9 file=xml/wiki.xml
RESULT time=0.22 job=gzip9 file=xml/wiki.xml
RESULT time=0.22 job=gzip9 file=xml/wiki.xml
RESULT time=0.22 job=gzip9 file=xml/wiki.xml
RESULT time=0.22 job=gzip9 file=xml/wiki.xml
RESULT time=0.22 job=gzip9 file=xml/wiki.xml
RESULT time=0.22 job=gzip9 file=xml/wiki.xml
RESULT time=9.14 job=bzip2 file=xml/wiki.xml
RESULT time=9.23 job=bzip2 file=xml/wiki.xml
RESULT time=9.27 job=bzip2 file=xml/wiki.xml
RESULT time=9.27 job=bzip2 file=xml/wiki.xml
RESULT time=9.14 job=bzip2 file=xml/wiki.xml
RESULT time=9.21 job=bzip2 file=xml/wiki.xml
RESULT time=9.15 job=bzip2 file=xml/wiki.xml
RESULT time=9.14 job=bzip2 file=xml/wiki.xml
RESULT time=9.22 job=bzip2 file=xml/wiki.xml
RESULT time=9.20 job=bzip2 file=xml/wiki.xml
RESULT time=4.28 job=repair file=xml/wiki.xml
RESULT time=4.31 job=repair file=xml/wiki.xml
RESULT time=4.28 job=repair file=xml/wiki.xml
RESULT time=4.31 job=repair file=xml/wiki.xml
RESULT time=4.29 job=repair file=xml/wiki.xml
RESULT time=4.26 job=repair file=xml/wiki.xml
RESULT time=4.29 job=repair file=xml/wiki.xml
RESULT time=4.27 job=repair file=xml/wiki.xml
RESULT time=4.28 job=repair file=xml/wiki.xml
RESULT time=4.26 job=repair file=xml/wiki.xml
RESULT time=5.55 job=treerepair file=xml/wiki.xml
RESULT time=5.56 job=treerepair file=xml/wiki.xml
RESULT time=5.56 job=treerepair file=xml/wiki.xml
RESULT time=5.59 job=treerepair file=xml/wiki.xml
RESULT time=5.55 job=treerepair file=xml/wiki.xml
RESULT time=5.59 job=treerepair file=xml/wiki.xml
RESULT time=5.68 job=treerepair file=xml/wiki.xml
RESULT time=5.62 job=treerepair file=xml/wiki.xml
RESULT time=5.62 job=treerepair file=xml/wiki.xml
RESULT time=5.60 job=treerepair file=xml/wiki.xml

